{
	"info": {
		"_postman_id": "c18b962b-87ed-482a-800e-98b129bc9df5",
		"name": "Gateway",
		"schema": "https://schema.getpostman.com/json/collection/v2.1.0/collection.json"
	},
	"item": [
		{
			"name": "http://localhost:8080/gateway",
			"request": {
				"method": "PUT",
				"header": [
					{
						"key": "Content-Type",
						"value": "application/json"
					}
				],
				"body": {
					"mode": "raw",
					"raw": "{\"uid\": 7, \"status\":\"test7\", \"ip\" : \"2546648989\"}"
				},
				"url": {
					"raw": "http://localhost:8080/gateway",
					"protocol": "http",
					"host": [
						"localhost"
					],
					"port": "8080",
					"path": [
						"gateway"
					]
				}
			},
			"response": []
		},
		{
			"name": "http://localhost:8080/gateway/all",
			"request": {
				"method": "GET",
				"header": [
					{
						"key": "Content-Type",
						"value": "application/json"
					}
				],
				"body": {
					"mode": "raw",
					"raw": "{\"uid\": 6, \"status\":\"test6\"}"
				},
				"url": {
					"raw": "http://localhost:8080/gateway/all",
					"protocol": "http",
					"host": [
						"localhost"
					],
					"port": "8080",
					"path": [
						"gateway",
						"all"
					]
				}
			},
			"response": []
		},
		{
			"name": "http://localhost:8080/gateway",
			"request": {
				"method": "PUT",
				"header": [
					{
						"key": "Content-Type",
						"value": "application/json"
					}
				],
				"body": {
					"mode": "raw",
					"raw": "{\"uid\": 7, \"readableName\":\"test7\", \"ip\" : \"127.0.0.0\"}"
				},
				"url": {
					"raw": "http://localhost:8080/gateway",
					"protocol": "http",
					"host": [
						"localhost"
					],
					"port": "8080",
					"path": [
						"gateway"
					]
				}
			},
			"response": []
		},
		{
			"name": "http://localhost:8080/gateway/all",
			"request": {
				"method": "GET",
				"header": [
					{
						"key": "Content-Type",
						"value": "application/json"
					}
				],
				"body": {
					"mode": "raw",
					"raw": "{\"uid\": 6, \"status\":\"test6\"}"
				},
				"url": {
					"raw": "http://localhost:8080/gateway/all",
					"protocol": "http",
					"host": [
						"localhost"
					],
					"port": "8080",
					"path": [
						"gateway",
						"all"
					]
				}
			},
			"response": []
		},
		{
			"name": "http://localhost:8080/gateway",
			"request": {
				"method": "PUT",
				"header": [
					{
						"key": "Content-Type",
						"value": "application/json"
					}
				],
				"body": {
					"mode": "raw",
					"raw": "{ \"ip\":\"192.168.0.0\", \"uid\": 123}"
				},
				"url": {
					"raw": "http://localhost:8080/gateway",
					"protocol": "http",
					"host": [
						"localhost"
					],
					"port": "8080",
					"path": [
						"gateway"
					]
				}
			},
			"response": []
		},
		{
			"name": "http://localhost:8080/gateway/123",
			"request": {
				"method": "GET",
				"header": [
					{
						"key": "Content-Type",
						"value": "application/json"
					}
				],
				"body": {
					"mode": "raw",
					"raw": "{ \"ip\":\"192.168\", \"uid\": 123}"
				},
				"url": {
					"raw": "http://localhost:8080/gateway/123",
					"protocol": "http",
					"host": [
						"localhost"
					],
					"port": "8080",
					"path": [
						"gateway",
						"123"
					]
				}
			},
			"response": []
		},
		{
			"name": "http://localhost:8080/gateway/all",
			"request": {
				"method": "GET",
				"header": [
					{
						"key": "Content-Type",
						"value": "application/json"
					}
				],
				"body": {
					"mode": "raw",
					"raw": "{\"ip\":\"192.168\"}"
				},
				"url": {
					"raw": "http://localhost:8080/gateway/all",
					"protocol": "http",
					"host": [
						"localhost"
					],
					"port": "8080",
					"path": [
						"gateway",
						"all"
					]
				}
			},
			"response": []
		},
		{
			"name": "http://localhost:8080/gateway/123/device",
			"request": {
				"method": "PUT",
				"header": [
					{
						"key": "Content-Type",
						"value": "application/json"
					}
				],
				"body": {
					"mode": "raw",
					"raw": "{\"uid\": 123, \"status\":\"test6\"}"
				},
				"url": {
					"raw": "http://localhost:8080/gateway/123/device",
					"protocol": "http",
					"host": [
						"localhost"
					],
					"port": "8080",
					"path": [
						"gateway",
						"123",
						"device"
					]
				}
			},
			"response": []
		}
	]
}